<?xml version="1.0" encoding="UTF-8"?>
<!-- Generated by org.testng.reporters.JUnitReportReporter -->
<testsuite skipped="0" hostname="Nikunj" name="runner.RunCuke" tests="1" failures="0" timestamp="2019-11-20T12:13:29 IST" time="23.345" errors="0">
  <testcase name="runScenario" time="23.345" classname="runner.RunCuke"/>
</testsuite> <!-- runner.RunCuke -->
