<?xml version="1.0" encoding="UTF-8"?>
<!-- Generated by org.testng.reporters.JUnitReportReporter -->
<testsuite skipped="0" hostname="Nikunj" name="rough.ExtentReportTesting" tests="1" failures="0" timestamp="2019-11-20T12:13:29 IST" time="7.426" errors="0">
  <testcase name="nopCommerceTitleTest" time="7.426" classname="rough.ExtentReportTesting"/>
</testsuite> <!-- rough.ExtentReportTesting -->
